Using pre-set license
Built from '2020.3/staging' branch; Version is '2020.3.8f1 (507919d4fff5) revision 5273881'; Using compiler version '192528614'; Build Type 'Release'
OS: 'Windows 10 Home Single Language; OS build 22621.3296; Version 2009; 64bit' Language: 'en' Physical Memory: 15711 MB
BatchMode: 1, IsHumanControllingUs: 0, StartBugReporterOnCrash: 0, Is64bit: 1, IsPro: 0

 COMMAND LINE ARGUMENTS:
C:\Program Files\Unity\Hub\Editor\2020.3.8f1\Editor\Unity.exe
-adb2
-batchMode
-noUpm
-name
AssetImportWorker0
-projectPath
C:/Users/akans/OneDrive/Documents/Documents/College/Global Game Jam/Team Unravel - IIIT SriCity/Source Code/Meme Climber
-logFile
Logs/AssetImportWorker0.log
-srvPort
57971
Successfully changed project path to: C:/Users/akans/OneDrive/Documents/Documents/College/Global Game Jam/Team Unravel - IIIT SriCity/Source Code/Meme Climber
C:/Users/akans/OneDrive/Documents/Documents/College/Global Game Jam/Team Unravel - IIIT SriCity/Source Code/Meme Climber
Using Asset Import Pipeline V2.
Refreshing native plugins compatible for Editor in 168.24 ms, found 3 plugins.
Preloading 0 native plugins for Editor in 0.00 ms.
Initialize engine version: 2020.3.8f1 (507919d4fff5)
[Subsystems] Discovering subsystems at path C:/Program Files/Unity/Hub/Editor/2020.3.8f1/Editor/Data/Resources/UnitySubsystems
[Subsystems] Discovering subsystems at path C:/Users/akans/OneDrive/Documents/Documents/College/Global Game Jam/Team Unravel - IIIT SriCity/Source Code/Meme Climber/Assets
GfxDevice: creating device client; threaded=0
Direct3D:
    Version:  Direct3D 11.0 [level 11.1]
    Renderer: AMD Radeon(TM) Graphics (ID=0x1638)
    Vendor:   
    VRAM:     7855 MB
    Driver:   31.0.12044.3
Initialize mono
Mono path[0] = 'C:/Program Files/Unity/Hub/Editor/2020.3.8f1/Editor/Data/Managed'
Mono path[1] = 'C:/Program Files/Unity/Hub/Editor/2020.3.8f1/Editor/Data/MonoBleedingEdge/lib/mono/unityjit'
Mono config path = 'C:/Program Files/Unity/Hub/Editor/2020.3.8f1/Editor/Data/MonoBleedingEdge/etc'
Using monoOptions --debugger-agent=transport=dt_socket,embedding=1,server=y,suspend=n,address=127.0.0.1:56548
Begin MonoManager ReloadAssembly
Registering precompiled unity dll's ...
Register platform support module: C:/Program Files/Unity/Hub/Editor/2020.3.8f1/Editor/Data/PlaybackEngines/WindowsStandaloneSupport/UnityEditor.WindowsStandalone.Extensions.dll
Registered in 0.003236 seconds.
Native extension for WindowsStandalone target not found
Refreshing native plugins compatible for Editor in 185.50 ms, found 3 plugins.
Preloading 0 native plugins for Editor in 0.00 ms.
Mono: successfully reloaded assembly
- Completed reload, in  2.297 seconds
Platform modules already initialized, skipping
Registering precompiled user dll's ...
Registered in 0.020278 seconds.
Begin MonoManager ReloadAssembly
Native extension for WindowsStandalone target not found
Refreshing native plugins compatible for Editor in 151.70 ms, found 3 plugins.
Preloading 0 native plugins for Editor in 0.00 ms.
Mono: successfully reloaded assembly
- Completed reload, in  1.937 seconds
Platform modules already initialized, skipping
========================================================================
Worker process is ready to serve import requests
Launched and connected shader compiler UnityShaderCompiler.exe after 0.08 seconds
Refreshing native plugins compatible for Editor in 1.96 ms, found 3 plugins.
Preloading 0 native plugins for Editor in 0.00 ms.
Unloading 1840 Unused Serialized files (Serialized files now loaded: 0)
System memory in use before: 89.3 MB.
System memory in use after: 89.3 MB.

Unloading 36 unused Assets to reduce memory usage. Loaded Objects now: 2314.
Total: 3.311300 ms (FindLiveObjects: 0.330700 ms CreateObjectMapping: 0.091800 ms MarkObjects: 2.763900 ms  DeleteObjects: 0.123000 ms)

========================================================================
Received Import Request.
  path: Assets/Audio.cs
  artifactKey: Guid(cc61e64143cb93942bf234e8670e3d48) Importer(815301076,1909f56bfc062723c751e8b465ee728b)
Start importing Assets/Audio.cs using Guid(cc61e64143cb93942bf234e8670e3d48) Importer(815301076,1909f56bfc062723c751e8b465ee728b)  -> (artifact id: '39ae08a0082a86d3fb85e3689230372d') in 0.076430 seconds
  Import took 0.086140 seconds .

========================================================================
Received Import Request.
  Time since last request: 0.000524 seconds.
  path: Assets/InteractableObject.cs
  artifactKey: Guid(0d4666cf4270c504ca88a9b6f1c0ec6c) Importer(815301076,1909f56bfc062723c751e8b465ee728b)
Start importing Assets/InteractableObject.cs using Guid(0d4666cf4270c504ca88a9b6f1c0ec6c) Importer(815301076,1909f56bfc062723c751e8b465ee728b)  -> (artifact id: '9b52430f2135a37ad28e600f239f89d0') in 0.014553 seconds
  Import took 0.020685 seconds .

AssetImportWorkerClient::OnTransportError - code=2 error=End of file
